2018/05/12 22:08:21 Starting youtube-tinfoil-expose @ [2018-05-12T22:08:21+02:00]
2018/05/12 22:08:21 <<<<<Begin Exfoliator Main Loop
2018/05/12 22:08:21 <<<<<Begin GetChannelOverview Go Routine
2018/05/12 22:08:21 <-- (1/5): Receiving into GetChannelOverview
2018/05/12 22:08:21 <-> (1/5): Working in GetChannelOverview
2018/05/12 22:08:21 <<<<<Begin GetVideoIDsOverview Go Routine
2018/05/12 22:08:21 <<<<<Begin GetCommentsOverview Go Routine
2018/05/12 22:08:21 <<<<<Begin GetObviouslyRelatedChannelsOverview Go Routine
2018/05/12 22:08:22 --> (1/5): Sending out from GetChannelOverview
2018/05/12 22:08:22 <-- (2/5): Receiving into GetVideoIDsOverview
2018/05/12 22:08:22 <-> (2/5): Working in GetVideoIDsOverview
2018/05/12 22:08:22 --> (2/5): Sending out from GetVideoIDsOverview
2018/05/12 22:08:22 <-- (3/5): Receiving into GetCommentsOverview
2018/05/12 22:08:22 <-> (3/5): Working in GetCommentsOverview
2018/05/12 22:08:22 GetCommentsOverview#9 Response error! (videoId: -n3TSvCKAYw): googleapi: Error 403: The video identified by the <code><a href="/youtube/v3/docs/commentThreads/list#videoId">videoId</a></code> parameter has disabled comments., commentsDisabled
2018/05/12 22:08:22 GetCommentsOverview#5 Response error! (videoId: tnxl2HeGlOg): googleapi: Error 403: The video identified by the <code><a href="/youtube/v3/docs/commentThreads/list#videoId">videoId</a></code> parameter has disabled comments., commentsDisabled
2018/05/12 22:08:22 GetCommentsOverview#14 Response error! (videoId: cKLaMlSmU70): googleapi: Error 403: The video identified by the <code><a href="/youtube/v3/docs/commentThreads/list#videoId">videoId</a></code> parameter has disabled comments., commentsDisabled
2018/05/12 22:08:22 GetCommentsOverview#12 Response error! (videoId: NIglbZ2fpk0): googleapi: Error 403: The video identified by the <code><a href="/youtube/v3/docs/commentThreads/list#videoId">videoId</a></code> parameter has disabled comments., commentsDisabled
2018/05/12 22:08:22 GetCommentsOverview#11 Response error! (videoId: JIbD5wavTQc): googleapi: Error 403: The video identified by the <code><a href="/youtube/v3/docs/commentThreads/list#videoId">videoId</a></code> parameter has disabled comments., commentsDisabled
2018/05/12 22:08:22 GetCommentsOverview#8 Response error! (videoId: BdoEpLtwu0Y): googleapi: Error 403: The video identified by the <code><a href="/youtube/v3/docs/commentThreads/list#videoId">videoId</a></code> parameter has disabled comments., commentsDisabled
2018/05/12 22:08:22 GetCommentsOverview#10 Response error! (videoId: L-3fGSc2LjI): googleapi: Error 403: The video identified by the <code><a href="/youtube/v3/docs/commentThreads/list#videoId">videoId</a></code> parameter has disabled comments., commentsDisabled
2018/05/12 22:08:22 GetCommentsOverview#6 Response error! (videoId: U1oU-D28_Fs): googleapi: Error 403: The video identified by the <code><a href="/youtube/v3/docs/commentThreads/list#videoId">videoId</a></code> parameter has disabled comments., commentsDisabled
2018/05/12 22:08:22 GetCommentsOverview#7 Response error! (videoId: kWC5C8dF4dI): googleapi: Error 403: The video identified by the <code><a href="/youtube/v3/docs/commentThreads/list#videoId">videoId</a></code> parameter has disabled comments., commentsDisabled
2018/05/12 22:08:22 GetCommentsOverview#4 Response error! (videoId: vwiRZm3014A): googleapi: Error 403: The video identified by the <code><a href="/youtube/v3/docs/commentThreads/list#videoId">videoId</a></code> parameter has disabled comments., commentsDisabled
2018/05/12 22:08:22 GetCommentsOverview#1 Response error! (videoId: jh3f4uYAw3c): googleapi: Error 403: The video identified by the <code><a href="/youtube/v3/docs/commentThreads/list#videoId">videoId</a></code> parameter has disabled comments., commentsDisabled
2018/05/12 22:08:22 GetCommentsOverview#3 Response error! (videoId: Klbng76eXUo): googleapi: Error 403: The video identified by the <code><a href="/youtube/v3/docs/commentThreads/list#videoId">videoId</a></code> parameter has disabled comments., commentsDisabled
2018/05/12 22:08:22 GetCommentsOverview#2 Response error! (videoId: 6njNgQM2V_0): googleapi: Error 403: The video identified by the <code><a href="/youtube/v3/docs/commentThreads/list#videoId">videoId</a></code> parameter has disabled comments., commentsDisabled
2018/05/12 22:08:22 GetCommentsOverview#0 Response error! (videoId: WRwyTbCLofM): googleapi: Error 403: The video identified by the <code><a href="/youtube/v3/docs/commentThreads/list#videoId">videoId</a></code> parameter has disabled comments., commentsDisabled
2018/05/12 22:08:22 GetCommentsOverview#13 Response error! (videoId: _B4laAjE_iM): googleapi: Error 403: The video identified by the <code><a href="/youtube/v3/docs/commentThreads/list#videoId">videoId</a></code> parameter has disabled comments., commentsDisabled
